<?xml version="1.0" encoding="UTF-8"?>
<!-- Generated by org.testng.reporters.JUnitReportReporter -->
<testsuite hostname="Sneha-Laptop" failures="0" tests="7" name="TestCases.TC_ContactMeTest" time="6.314" errors="0" timestamp="2024-06-27T17:39:40 IST" skipped="6">
  <testcase classname="TestCases.TC_ContactMeTest" name="VerifyPrivacyPolicyFAQ" time="6.314"/>
  <testcase classname="TestCases.TC_ContactMeTest" name="VerifyOurTeam">
    <skipped/>
  </testcase> <!-- VerifyOurTeam -->
  <testcase classname="TestCases.TC_ContactMeTest" name="VerifyContactMeTest">
    <skipped/>
  </testcase> <!-- VerifyContactMeTest -->
  <testcase classname="TestCases.TC_ContactMeTest" name="VerifyResidentialCare">
    <skipped/>
  </testcase> <!-- VerifyResidentialCare -->
  <testcase classname="TestCases.TC_ContactMeTest" name="VerifyTherapyProcess">
    <skipped/>
  </testcase> <!-- VerifyTherapyProcess -->
  <testcase classname="TestCases.TC_ContactMeTest" name="VerifyBestPsychologistInPune">
    <skipped/>
  </testcase> <!-- VerifyBestPsychologistInPune -->
  <testcase classname="TestCases.TC_ContactMeTest" name="VerifyAboutUs">
    <skipped/>
  </testcase> <!-- VerifyAboutUs -->
</testsuite> <!-- TestCases.TC_ContactMeTest -->
