<?xml version="1.0" encoding="UTF-8"?>
<!-- Generated by org.testng.reporters.JUnitReportReporter -->
<testsuite hostname="Sneha-Laptop" failures="0" tests="1" name="TestCases.Base_Class" time="4.746" errors="0" timestamp="20 Jun 2024 09:42:54 GMT" skipped="0">
  <testcase classname="TestCases.Base_Class" name="setup" time="4.746"/>
</testsuite> <!-- TestCases.Base_Class -->
